\BOOKMARK [1][-]{section.1}{\376\377\0001\000\040\000N\000a\000m\000e\000s\000p\000a\000c\000e\000\040\000I\000n\000d\000e\000x}{}% 1
\BOOKMARK [1][-]{section.2}{\376\377\0002\000\040\000P\000a\000c\000k\000a\000g\000e\000s}{}% 2
\BOOKMARK [1][-]{section.3}{\376\377\0003\000\040\000C\000l\000a\000s\000s\000\040\000I\000n\000d\000e\000x}{}% 3
\BOOKMARK [1][-]{section.4}{\376\377\0004\000\040\000C\000l\000a\000s\000s\000\040\000L\000i\000s\000t}{}% 4
\BOOKMARK [1][-]{section.5}{\376\377\0005\000\040\000F\000i\000l\000e\000\040\000I\000n\000d\000e\000x}{}% 5
\BOOKMARK [1][-]{section.6}{\376\377\0006\000\040\000F\000i\000l\000e\000\040\000L\000i\000s\000t}{}% 6
\BOOKMARK [1][-]{section.7}{\376\377\0007\000\040\000N\000a\000m\000e\000s\000p\000a\000c\000e\000\040\000D\000o\000c\000u\000m\000e\000n\000t\000a\000t\000i\000o\000n}{}% 7
\BOOKMARK [1][-]{section.8}{\376\377\0008\000\040\000c\000l\000i\000e\000n\000t\000\040\000N\000a\000m\000e\000s\000p\000a\000c\000e\000\040\000R\000e\000f\000e\000r\000e\000n\000c\000e}{}% 8
\BOOKMARK [2][-]{subsection.8.1}{\376\377\0008\000.\0001\000\040\000D\000e\000t\000a\000i\000l\000e\000d\000\040\000D\000e\000s\000c\000r\000i\000p\000t\000i\000o\000n}{section.8}% 9
\BOOKMARK [1][-]{section.9}{\376\377\0009\000\040\000f\000o\000n\000t\000\040\000N\000a\000m\000e\000s\000p\000a\000c\000e\000\040\000R\000e\000f\000e\000r\000e\000n\000c\000e}{}% 10
\BOOKMARK [2][-]{subsection.9.1}{\376\377\0009\000.\0001\000\040\000D\000e\000t\000a\000i\000l\000e\000d\000\040\000D\000e\000s\000c\000r\000i\000p\000t\000i\000o\000n}{section.9}% 11
\BOOKMARK [1][-]{section.10}{\376\377\0001\0000\000\040\000s\000e\000r\000v\000e\000r\000\040\000N\000a\000m\000e\000s\000p\000a\000c\000e\000\040\000R\000e\000f\000e\000r\000e\000n\000c\000e}{}% 12
\BOOKMARK [2][-]{subsection.10.1}{\376\377\0001\0000\000.\0001\000\040\000D\000e\000t\000a\000i\000l\000e\000d\000\040\000D\000e\000s\000c\000r\000i\000p\000t\000i\000o\000n}{section.10}% 13
\BOOKMARK [1][-]{section.11}{\376\377\0001\0001\000\040\000C\000l\000a\000s\000s\000\040\000D\000o\000c\000u\000m\000e\000n\000t\000a\000t\000i\000o\000n}{}% 14
\BOOKMARK [1][-]{section.12}{\376\377\0001\0002\000\040\000f\000o\000n\000t\000.\000c\000o\000n\000s\000t\000a\000n\000t\000s\000.\000C\000o\000l\000o\000r\000s\000\040\000C\000l\000a\000s\000s\000\040\000R\000e\000f\000e\000r\000e\000n\000c\000e}{}% 15
\BOOKMARK [2][-]{subsection.12.1}{\376\377\0001\0002\000.\0001\000\040\000D\000e\000t\000a\000i\000l\000e\000d\000\040\000D\000e\000s\000c\000r\000i\000p\000t\000i\000o\000n}{section.12}% 16
\BOOKMARK [1][-]{section.13}{\376\377\0001\0003\000\040\000s\000e\000r\000v\000e\000r\000.\000O\000r\000a\000t\000o\000r\000.\000O\000r\000a\000t\000o\000r\000\040\000C\000l\000a\000s\000s\000\040\000R\000e\000f\000e\000r\000e\000n\000c\000e}{}% 17
\BOOKMARK [2][-]{subsection.13.1}{\376\377\0001\0003\000.\0001\000\040\000D\000e\000t\000a\000i\000l\000e\000d\000\040\000D\000e\000s\000c\000r\000i\000p\000t\000i\000o\000n}{section.13}% 18
\BOOKMARK [2][-]{subsection.13.2}{\376\377\0001\0003\000.\0002\000\040\000C\000o\000n\000s\000t\000r\000u\000c\000t\000o\000r\000\040\000\046\000\040\000D\000e\000s\000t\000r\000u\000c\000t\000o\000r\000\040\000D\000o\000c\000u\000m\000e\000n\000t\000a\000t\000i\000o\000n}{section.13}% 19
\BOOKMARK [3][-]{subsubsection.13.2.1}{\376\377\0001\0003\000.\0002\000.\0001\000\040\000i\000n\000i\000t\000\050\000s\000e\000l\000f\000,\000\040\000t\000e\000l\000e\000g\000r\000a\000p\000h\000\051}{subsection.13.2}% 20
\BOOKMARK [1][-]{section.14}{\376\377\0001\0004\000\040\000f\000o\000n\000t\000.\000c\000o\000n\000s\000t\000a\000n\000t\000s\000.\000S\000t\000y\000l\000e\000s\000\040\000C\000l\000a\000s\000s\000\040\000R\000e\000f\000e\000r\000e\000n\000c\000e}{}% 21
\BOOKMARK [2][-]{subsection.14.1}{\376\377\0001\0004\000.\0001\000\040\000D\000e\000t\000a\000i\000l\000e\000d\000\040\000D\000e\000s\000c\000r\000i\000p\000t\000i\000o\000n}{section.14}% 22
\BOOKMARK [1][-]{section.15}{\376\377\0001\0005\000\040\000F\000i\000l\000e\000\040\000D\000o\000c\000u\000m\000e\000n\000t\000a\000t\000i\000o\000n}{}% 23
\BOOKMARK [1][-]{section.16}{\376\377\0001\0006\000\040\000/\000h\000o\000m\000e\000/\000b\000r\000y\000a\000n\000/\000T\000e\000r\000m\000i\000n\000a\000l\000T\000a\000l\000k\000/\000c\000l\000i\000e\000n\000t\000/\000e\000a\000v\000e\000s\000d\000r\000o\000p\000.\000p\000y\000\040\000F\000i\000l\000e\000\040\000R\000e\000f\000e\000r\000e\000n\000c\000e}{}% 24
\BOOKMARK [1][-]{section.17}{\376\377\0001\0007\000\040\000/\000h\000o\000m\000e\000/\000b\000r\000y\000a\000n\000/\000T\000e\000r\000m\000i\000n\000a\000l\000T\000a\000l\000k\000/\000f\000o\000n\000t\000/\000c\000o\000n\000s\000t\000a\000n\000t\000s\000.\000p\000y\000\040\000F\000i\000l\000e\000\040\000R\000e\000f\000e\000r\000e\000n\000c\000e}{}% 25
\BOOKMARK [2][-]{subsection.17.1}{\376\377\0001\0007\000.\0001\000\040\000D\000e\000t\000a\000i\000l\000e\000d\000\040\000D\000e\000s\000c\000r\000i\000p\000t\000i\000o\000n}{section.17}% 26
\BOOKMARK [1][-]{section.18}{\376\377\0001\0008\000\040\000/\000h\000o\000m\000e\000/\000b\000r\000y\000a\000n\000/\000T\000e\000r\000m\000i\000n\000a\000l\000T\000a\000l\000k\000/\000f\000o\000n\000t\000/\000f\000u\000n\000c\000t\000i\000o\000n\000s\000.\000p\000y\000\040\000F\000i\000l\000e\000\040\000R\000e\000f\000e\000r\000e\000n\000c\000e}{}% 27
\BOOKMARK [2][-]{subsection.18.1}{\376\377\0001\0008\000.\0001\000\040\000D\000e\000t\000a\000i\000l\000e\000d\000\040\000D\000e\000s\000c\000r\000i\000p\000t\000i\000o\000n}{section.18}% 28
\BOOKMARK [2][-]{subsection.18.2}{\376\377\0001\0008\000.\0002\000\040\000F\000u\000n\000c\000t\000i\000o\000n\000\040\000D\000o\000c\000u\000m\000e\000n\000t\000a\000t\000i\000o\000n}{section.18}% 29
\BOOKMARK [3][-]{subsubsection.18.2.1}{\376\377\0001\0008\000.\0002\000.\0001\000\040\000b\000l\000u\000e\000\050\000t\000x\000t\000\051}{subsection.18.2}% 30
\BOOKMARK [3][-]{subsubsection.18.2.2}{\376\377\0001\0008\000.\0002\000.\0002\000\040\000b\000o\000l\000d\000\050\000t\000x\000t\000\051}{subsection.18.2}% 31
\BOOKMARK [3][-]{subsubsection.18.2.3}{\376\377\0001\0008\000.\0002\000.\0003\000\040\000c\000y\000a\000n\000\050\000t\000x\000t\000\051}{subsection.18.2}% 32
\BOOKMARK [3][-]{subsubsection.18.2.4}{\376\377\0001\0008\000.\0002\000.\0004\000\040\000d\000e\000f\000a\000u\000l\000t\000\050\000t\000x\000t\000\051}{subsection.18.2}% 33
\BOOKMARK [3][-]{subsubsection.18.2.5}{\376\377\0001\0008\000.\0002\000.\0005\000\040\000g\000r\000e\000e\000n\000\050\000t\000x\000t\000\051}{subsection.18.2}% 34
\BOOKMARK [3][-]{subsubsection.18.2.6}{\376\377\0001\0008\000.\0002\000.\0006\000\040\000h\000i\000g\000h\000l\000i\000g\000h\000t\000\050\000t\000x\000t\000\051}{subsection.18.2}% 35
\BOOKMARK [3][-]{subsubsection.18.2.7}{\376\377\0001\0008\000.\0002\000.\0007\000\040\000i\000t\000a\000l\000i\000c\000\050\000t\000x\000t\000\051}{subsection.18.2}% 36
\BOOKMARK [3][-]{subsubsection.18.2.8}{\376\377\0001\0008\000.\0002\000.\0008\000\040\000m\000a\000g\000e\000n\000t\000a\000\050\000t\000x\000t\000\051}{subsection.18.2}% 37
\BOOKMARK [3][-]{subsubsection.18.2.9}{\376\377\0001\0008\000.\0002\000.\0009\000\040\000r\000e\000d\000\050\000t\000x\000t\000\051}{subsection.18.2}% 38
\BOOKMARK [3][-]{subsubsection.18.2.10}{\376\377\0001\0008\000.\0002\000.\0001\0000\000\040\000u\000n\000d\000e\000r\000l\000i\000n\000e\000\050\000t\000x\000t\000\051}{subsection.18.2}% 39
\BOOKMARK [3][-]{subsubsection.18.2.11}{\376\377\0001\0008\000.\0002\000.\0001\0001\000\040\000y\000e\000l\000l\000o\000w\000\050\000t\000x\000t\000\051}{subsection.18.2}% 40
\BOOKMARK [1][-]{section.19}{\376\377\0001\0009\000\040\000/\000h\000o\000m\000e\000/\000b\000r\000y\000a\000n\000/\000T\000e\000r\000m\000i\000n\000a\000l\000T\000a\000l\000k\000/\000s\000e\000r\000v\000e\000r\000/\000O\000r\000a\000t\000o\000r\000.\000p\000y\000\040\000F\000i\000l\000e\000\040\000R\000e\000f\000e\000r\000e\000n\000c\000e}{}% 41
\BOOKMARK [1][-]{section.20}{\376\377\0002\0000\000\040\000/\000h\000o\000m\000e\000/\000b\000r\000y\000a\000n\000/\000T\000e\000r\000m\000i\000n\000a\000l\000T\000a\000l\000k\000/\000s\000e\000r\000v\000e\000r\000/\000p\000o\000n\000t\000i\000f\000i\000c\000a\000t\000i\000o\000n\000.\000p\000y\000\040\000F\000i\000l\000e\000\040\000R\000e\000f\000e\000r\000e\000n\000c\000e}{}% 42
\BOOKMARK [2][-]{subsection.20.1}{\376\377\0002\0000\000.\0001\000\040\000F\000u\000n\000c\000t\000i\000o\000n\000\040\000D\000o\000c\000u\000m\000e\000n\000t\000a\000t\000i\000o\000n}{section.20}% 43
\BOOKMARK [3][-]{subsubsection.20.1.1}{\376\377\0002\0000\000.\0001\000.\0001\000\040\000m\000e\000g\000a\000p\000h\000o\000n\000e\000\050\000v\000e\000r\000b\000i\000a\000g\000e\000,\000\040\000c\000o\000n\000n\000e\000c\000t\000i\000o\000n\000s\000,\000\040\000e\000a\000r\000t\000r\000u\000m\000p\000e\000t\000,\000\040\000o\000r\000a\000t\000o\000r\000s\000\051}{subsection.20.1}% 44
\BOOKMARK [3][-]{subsubsection.20.1.2}{\376\377\0002\0000\000.\0001\000.\0002\000\040\000p\000o\000n\000t\000i\000f\000i\000c\000a\000t\000e\000\050\000o\000r\000a\000t\000o\000r\000,\000\040\000v\000e\000r\000b\000i\000a\000g\000e\000,\000\040\000c\000o\000n\000n\000e\000c\000t\000i\000o\000n\000s\000,\000\040\000e\000a\000r\000t\000r\000u\000m\000p\000e\000t\000,\000\040\000o\000r\000a\000t\000o\000r\000s\000\051}{subsection.20.1}% 45
\BOOKMARK [1][-]{section.21}{\376\377\0002\0001\000\040\000/\000h\000o\000m\000e\000/\000b\000r\000y\000a\000n\000/\000T\000e\000r\000m\000i\000n\000a\000l\000T\000a\000l\000k\000/\000T\000e\000r\000m\000i\000n\000a\000l\000T\000a\000l\000k\000.\000p\000y\000\040\000F\000i\000l\000e\000\040\000R\000e\000f\000e\000r\000e\000n\000c\000e}{}% 46
\BOOKMARK [2][-]{subsection.21.1}{\376\377\0002\0001\000.\0001\000\040\000D\000e\000t\000a\000i\000l\000e\000d\000\040\000D\000e\000s\000c\000r\000i\000p\000t\000i\000o\000n}{section.21}% 47
\BOOKMARK [1][-]{section.22}{\376\377\0002\0002\000\040\000/\000h\000o\000m\000e\000/\000b\000r\000y\000a\000n\000/\000T\000e\000r\000m\000i\000n\000a\000l\000T\000a\000l\000k\000/\000T\000e\000r\000m\000i\000n\000a\000l\000T\000a\000l\000k\000\137\000s\000e\000r\000v\000e\000r\000.\000p\000y\000\040\000F\000i\000l\000e\000\040\000R\000e\000f\000e\000r\000e\000n\000c\000e}{}% 48
\BOOKMARK [2][-]{subsection.22.1}{\376\377\0002\0002\000.\0001\000\040\000D\000e\000t\000a\000i\000l\000e\000d\000\040\000D\000e\000s\000c\000r\000i\000p\000t\000i\000o\000n}{section.22}% 49
