\BOOKMARK [0][-]{part.1}{\376\377\000I\000\040}{}% 1
\BOOKMARK [1][-]{section.1}{\376\377\0001\000\040\000I\000n\000t\000r\000o\000d\000u\000c\000t\000i\000o\000n}{part.1}% 2
\BOOKMARK [2][-]{subsection.1.1}{\376\377\0001\000.\0001\000\040\000O\000v\000e\000r\000v\000i\000e\000w}{section.1}% 3
\BOOKMARK [2][-]{subsection.1.2}{\376\377\0001\000.\0002\000\040\000T\000h\000e\000\040\000E\000n\000d\000\040\000P\000r\000o\000d\000u\000c\000t}{section.1}% 4
\BOOKMARK [1][-]{section.2}{\376\377\0002\000\040\000T\000h\000e\000o\000r\000e\000t\000i\000c\000a\000l\000\040\000D\000i\000s\000c\000u\000s\000s\000i\000o\000n}{part.1}% 5
\BOOKMARK [2][-]{subsection.2.1}{\376\377\0002\000.\0001\000\040\000A\000r\000c\000h\000i\000t\000e\000c\000t\000u\000r\000e}{section.2}% 6
\BOOKMARK [2][-]{subsection.2.2}{\376\377\0002\000.\0002\000\040\000A\000p\000p\000l\000i\000c\000a\000t\000i\000o\000n\000\040\000P\000r\000o\000t\000o\000c\000o\000l}{section.2}% 7
\BOOKMARK [1][-]{section.3}{\376\377\0003\000\040\000I\000m\000p\000l\000e\000m\000e\000n\000t\000a\000t\000i\000o\000n}{part.1}% 8
\BOOKMARK [0][-]{part.2}{\376\377\000I\000I\000\040\000A\000P\000I}{}% 9
\BOOKMARK [1][-]{section.4}{\376\377\0004\000\040\000N\000a\000m\000e\000s\000p\000a\000c\000e\000\040\000I\000n\000d\000e\000x}{part.2}% 10
\BOOKMARK [2][-]{subsection.4.1}{\376\377\0004\000.\0001\000\040\000P\000a\000c\000k\000a\000g\000e\000s}{section.4}% 11
\BOOKMARK [1][-]{section.5}{\376\377\0005\000\040\000C\000l\000a\000s\000s\000\040\000I\000n\000d\000e\000x}{part.2}% 12
\BOOKMARK [2][-]{subsection.5.1}{\376\377\0005\000.\0001\000\040\000C\000l\000a\000s\000s\000\040\000L\000i\000s\000t}{section.5}% 13
\BOOKMARK [1][-]{section.6}{\376\377\0006\000\040\000F\000i\000l\000e\000\040\000I\000n\000d\000e\000x}{part.2}% 14
\BOOKMARK [2][-]{subsection.6.1}{\376\377\0006\000.\0001\000\040\000F\000i\000l\000e\000\040\000L\000i\000s\000t}{section.6}% 15
\BOOKMARK [1][-]{section.7}{\376\377\0007\000\040\000N\000a\000m\000e\000s\000p\000a\000c\000e\000\040\000D\000o\000c\000u\000m\000e\000n\000t\000a\000t\000i\000o\000n}{part.2}% 16
\BOOKMARK [2][-]{subsection.7.1}{\376\377\0007\000.\0001\000\040\000c\000l\000i\000e\000n\000t\000\040\000N\000a\000m\000e\000s\000p\000a\000c\000e\000\040\000R\000e\000f\000e\000r\000e\000n\000c\000e}{section.7}% 17
\BOOKMARK [3][-]{subsubsection.7.1.1}{\376\377\0007\000.\0001\000.\0001\000\040\000D\000e\000t\000a\000i\000l\000e\000d\000\040\000D\000e\000s\000c\000r\000i\000p\000t\000i\000o\000n}{subsection.7.1}% 18
\BOOKMARK [2][-]{subsection.7.2}{\376\377\0007\000.\0002\000\040\000f\000o\000n\000t\000\040\000N\000a\000m\000e\000s\000p\000a\000c\000e\000\040\000R\000e\000f\000e\000r\000e\000n\000c\000e}{section.7}% 19
\BOOKMARK [3][-]{subsubsection.7.2.1}{\376\377\0007\000.\0002\000.\0001\000\040\000D\000e\000t\000a\000i\000l\000e\000d\000\040\000D\000e\000s\000c\000r\000i\000p\000t\000i\000o\000n}{subsection.7.2}% 20
\BOOKMARK [2][-]{subsection.7.3}{\376\377\0007\000.\0003\000\040\000s\000e\000r\000v\000e\000r\000\040\000N\000a\000m\000e\000s\000p\000a\000c\000e\000\040\000R\000e\000f\000e\000r\000e\000n\000c\000e}{section.7}% 21
\BOOKMARK [3][-]{subsubsection.7.3.1}{\376\377\0007\000.\0003\000.\0001\000\040\000D\000e\000t\000a\000i\000l\000e\000d\000\040\000D\000e\000s\000c\000r\000i\000p\000t\000i\000o\000n}{subsection.7.3}% 22
\BOOKMARK [1][-]{section.8}{\376\377\0008\000\040\000C\000l\000a\000s\000s\000\040\000D\000o\000c\000u\000m\000e\000n\000t\000a\000t\000i\000o\000n}{part.2}% 23
\BOOKMARK [2][-]{subsection.8.1}{\376\377\0008\000.\0001\000\040\000f\000o\000n\000t\000.\000c\000o\000n\000s\000t\000a\000n\000t\000s\000.\000C\000o\000l\000o\000r\000s\000\040\000C\000l\000a\000s\000s\000\040\000R\000e\000f\000e\000r\000e\000n\000c\000e}{section.8}% 24
\BOOKMARK [2][-]{subsection.8.2}{\376\377\0008\000.\0002\000\040\000D\000e\000t\000a\000i\000l\000e\000d\000\040\000D\000e\000s\000c\000r\000i\000p\000t\000i\000o\000n}{section.8}% 25
\BOOKMARK [2][-]{subsection.8.3}{\376\377\0008\000.\0003\000\040\000s\000e\000r\000v\000e\000r\000.\000O\000r\000a\000t\000o\000r\000.\000O\000r\000a\000t\000o\000r\000\040\000C\000l\000a\000s\000s\000\040\000R\000e\000f\000e\000r\000e\000n\000c\000e}{section.8}% 26
\BOOKMARK [3][-]{subsubsection.8.3.1}{\376\377\0008\000.\0003\000.\0001\000\040\000D\000e\000t\000a\000i\000l\000e\000d\000\040\000D\000e\000s\000c\000r\000i\000p\000t\000i\000o\000n}{subsection.8.3}% 27
\BOOKMARK [3][-]{subsubsection.8.3.2}{\376\377\0008\000.\0003\000.\0002\000\040\000C\000o\000n\000s\000t\000r\000u\000c\000t\000o\000r\000\040\000\046\000\040\000D\000e\000s\000t\000r\000u\000c\000t\000o\000r\000\040\000D\000o\000c\000u\000m\000e\000n\000t\000a\000t\000i\000o\000n}{subsection.8.3}% 28
\BOOKMARK [2][-]{subsection.8.4}{\376\377\0008\000.\0004\000\040\000f\000o\000n\000t\000.\000c\000o\000n\000s\000t\000a\000n\000t\000s\000.\000S\000t\000y\000l\000e\000s\000\040\000C\000l\000a\000s\000s\000\040\000R\000e\000f\000e\000r\000e\000n\000c\000e}{section.8}% 29
\BOOKMARK [3][-]{subsubsection.8.4.1}{\376\377\0008\000.\0004\000.\0001\000\040\000D\000e\000t\000a\000i\000l\000e\000d\000\040\000D\000e\000s\000c\000r\000i\000p\000t\000i\000o\000n}{subsection.8.4}% 30
\BOOKMARK [1][-]{section.9}{\376\377\0009\000\040\000F\000i\000l\000e\000\040\000D\000o\000c\000u\000m\000e\000n\000t\000a\000t\000i\000o\000n}{part.2}% 31
\BOOKMARK [2][-]{subsection.9.1}{\376\377\0009\000.\0001\000\040\000/\000T\000e\000r\000m\000i\000n\000a\000l\000T\000a\000l\000k\000/\000c\000l\000i\000e\000n\000t\000/\000e\000a\000v\000e\000s\000d\000r\000o\000p\000.\000p\000y\000\040\000F\000i\000l\000e\000\040\000R\000e\000f\000e\000r\000e\000n\000c\000e}{section.9}% 32
\BOOKMARK [2][-]{subsection.9.2}{\376\377\0009\000.\0002\000\040\000/\000T\000e\000r\000m\000i\000n\000a\000l\000T\000a\000l\000k\000/\000f\000o\000n\000t\000/\000c\000o\000n\000s\000t\000a\000n\000t\000s\000.\000p\000y\000\040\000F\000i\000l\000e\000\040\000R\000e\000f\000e\000r\000e\000n\000c\000e}{section.9}% 33
\BOOKMARK [3][-]{subsubsection.9.2.1}{\376\377\0009\000.\0002\000.\0001\000\040\000D\000e\000t\000a\000i\000l\000e\000d\000\040\000D\000e\000s\000c\000r\000i\000p\000t\000i\000o\000n}{subsection.9.2}% 34
\BOOKMARK [2][-]{subsection.9.3}{\376\377\0009\000.\0003\000\040\000/\000T\000e\000r\000m\000i\000n\000a\000l\000T\000a\000l\000k\000/\000f\000o\000n\000t\000/\000f\000u\000n\000c\000t\000i\000o\000n\000s\000.\000p\000y\000\040\000F\000i\000l\000e\000\040\000R\000e\000f\000e\000r\000e\000n\000c\000e}{section.9}% 35
\BOOKMARK [3][-]{subsubsection.9.3.1}{\376\377\0009\000.\0003\000.\0001\000\040\000D\000e\000t\000a\000i\000l\000e\000d\000\040\000D\000e\000s\000c\000r\000i\000p\000t\000i\000o\000n}{subsection.9.3}% 36
\BOOKMARK [3][-]{subsubsection.9.3.2}{\376\377\0009\000.\0003\000.\0002\000\040\000F\000u\000n\000c\000t\000i\000o\000n\000\040\000D\000o\000c\000u\000m\000e\000n\000t\000a\000t\000i\000o\000n}{subsection.9.3}% 37
\BOOKMARK [2][-]{subsection.9.4}{\376\377\0009\000.\0004\000\040\000/\000T\000e\000r\000m\000i\000n\000a\000l\000T\000a\000l\000k\000/\000s\000e\000r\000v\000e\000r\000/\000O\000r\000a\000t\000o\000r\000.\000p\000y\000\040\000F\000i\000l\000e\000\040\000R\000e\000f\000e\000r\000e\000n\000c\000e}{section.9}% 38
\BOOKMARK [2][-]{subsection.9.5}{\376\377\0009\000.\0005\000\040\000/\000T\000e\000r\000m\000i\000n\000a\000l\000T\000a\000l\000k\000/\000s\000e\000r\000v\000e\000r\000/\000p\000o\000n\000t\000i\000f\000i\000c\000a\000t\000i\000o\000n\000.\000p\000y\000\040\000F\000i\000l\000e\000\040\000R\000e\000f\000e\000r\000e\000n\000c\000e}{section.9}% 39
\BOOKMARK [3][-]{subsubsection.9.5.1}{\376\377\0009\000.\0005\000.\0001\000\040\000F\000u\000n\000c\000t\000i\000o\000n\000\040\000D\000o\000c\000u\000m\000e\000n\000t\000a\000t\000i\000o\000n}{subsection.9.5}% 40
\BOOKMARK [2][-]{subsection.9.6}{\376\377\0009\000.\0006\000\040\000/\000T\000e\000r\000m\000i\000n\000a\000l\000T\000a\000l\000k\000/\000T\000e\000r\000m\000i\000n\000a\000l\000T\000a\000l\000k\000.\000p\000y\000\040\000F\000i\000l\000e\000\040\000R\000e\000f\000e\000r\000e\000n\000c\000e}{section.9}% 41
\BOOKMARK [3][-]{subsubsection.9.6.1}{\376\377\0009\000.\0006\000.\0001\000\040\000D\000e\000t\000a\000i\000l\000e\000d\000\040\000D\000e\000s\000c\000r\000i\000p\000t\000i\000o\000n}{subsection.9.6}% 42
\BOOKMARK [2][-]{subsection.9.7}{\376\377\0009\000.\0007\000\040\000/\000T\000e\000r\000m\000i\000n\000a\000l\000T\000a\000l\000k\000/\000T\000e\000r\000m\000i\000n\000a\000l\000T\000a\000l\000k\000\137\000s\000e\000r\000v\000e\000r\000.\000p\000y\000\040\000F\000i\000l\000e\000\040\000R\000e\000f\000e\000r\000e\000n\000c\000e}{section.9}% 43
\BOOKMARK [3][-]{subsubsection.9.7.1}{\376\377\0009\000.\0007\000.\0001\000\040\000D\000e\000t\000a\000i\000l\000e\000d\000\040\000D\000e\000s\000c\000r\000i\000p\000t\000i\000o\000n}{subsection.9.7}% 44
